mode: set
bitbucket.org/hypefast-tech/marketing-promotion-service/internals/accounting_journal/httpservice/accounting_journal.go:15.45,19.2 1 1
bitbucket.org/hypefast-tech/marketing-promotion-service/internals/accounting_journal/httpservice/accounting_journal.go:35.48,37.47 2 1
bitbucket.org/hypefast-tech/marketing-promotion-service/internals/accounting_journal/httpservice/accounting_journal.go:45.2,46.9 2 1
bitbucket.org/hypefast-tech/marketing-promotion-service/internals/accounting_journal/httpservice/accounting_journal.go:54.2,55.16 2 1
bitbucket.org/hypefast-tech/marketing-promotion-service/internals/accounting_journal/httpservice/accounting_journal.go:63.2,67.4 1 1
bitbucket.org/hypefast-tech/marketing-promotion-service/internals/accounting_journal/httpservice/accounting_journal.go:37.47,43.3 1 0
bitbucket.org/hypefast-tech/marketing-promotion-service/internals/accounting_journal/httpservice/accounting_journal.go:46.9,52.3 1 0
bitbucket.org/hypefast-tech/marketing-promotion-service/internals/accounting_journal/httpservice/accounting_journal.go:55.16,61.3 1 0
bitbucket.org/hypefast-tech/marketing-promotion-service/internals/accounting_journal/httpservice/accounting_journal.go:84.69,87.46 2 1
bitbucket.org/hypefast-tech/marketing-promotion-service/internals/accounting_journal/httpservice/accounting_journal.go:95.2,97.19 2 1
bitbucket.org/hypefast-tech/marketing-promotion-service/internals/accounting_journal/httpservice/accounting_journal.go:107.2,107.21 1 1
bitbucket.org/hypefast-tech/marketing-promotion-service/internals/accounting_journal/httpservice/accounting_journal.go:111.2,111.24 1 1
bitbucket.org/hypefast-tech/marketing-promotion-service/internals/accounting_journal/httpservice/accounting_journal.go:115.2,116.9 2 1
bitbucket.org/hypefast-tech/marketing-promotion-service/internals/accounting_journal/httpservice/accounting_journal.go:124.2,127.16 3 1
bitbucket.org/hypefast-tech/marketing-promotion-service/internals/accounting_journal/httpservice/accounting_journal.go:137.2,142.4 1 1
bitbucket.org/hypefast-tech/marketing-promotion-service/internals/accounting_journal/httpservice/accounting_journal.go:87.46,93.3 1 0
bitbucket.org/hypefast-tech/marketing-promotion-service/internals/accounting_journal/httpservice/accounting_journal.go:97.19,104.3 1 0
bitbucket.org/hypefast-tech/marketing-promotion-service/internals/accounting_journal/httpservice/accounting_journal.go:107.21,109.3 1 1
bitbucket.org/hypefast-tech/marketing-promotion-service/internals/accounting_journal/httpservice/accounting_journal.go:111.24,113.3 1 1
bitbucket.org/hypefast-tech/marketing-promotion-service/internals/accounting_journal/httpservice/accounting_journal.go:116.9,122.3 1 0
bitbucket.org/hypefast-tech/marketing-promotion-service/internals/accounting_journal/httpservice/accounting_journal.go:127.16,135.3 1 1
bitbucket.org/hypefast-tech/marketing-promotion-service/internals/accounting_journal/httpservice/accounting_journal.go:157.52,159.16 2 1
bitbucket.org/hypefast-tech/marketing-promotion-service/internals/accounting_journal/httpservice/accounting_journal.go:167.2,168.9 2 1
bitbucket.org/hypefast-tech/marketing-promotion-service/internals/accounting_journal/httpservice/accounting_journal.go:176.2,177.17 2 1
bitbucket.org/hypefast-tech/marketing-promotion-service/internals/accounting_journal/httpservice/accounting_journal.go:185.2,189.4 1 1
bitbucket.org/hypefast-tech/marketing-promotion-service/internals/accounting_journal/httpservice/accounting_journal.go:159.16,165.3 1 1
bitbucket.org/hypefast-tech/marketing-promotion-service/internals/accounting_journal/httpservice/accounting_journal.go:168.9,174.3 1 1
bitbucket.org/hypefast-tech/marketing-promotion-service/internals/accounting_journal/httpservice/accounting_journal.go:177.17,183.3 1 1
bitbucket.org/hypefast-tech/marketing-promotion-service/internals/accounting_journal/httpservice/accounting_journal.go:207.51,209.16 2 1
bitbucket.org/hypefast-tech/marketing-promotion-service/internals/accounting_journal/httpservice/accounting_journal.go:217.2,218.43 2 1
bitbucket.org/hypefast-tech/marketing-promotion-service/internals/accounting_journal/httpservice/accounting_journal.go:226.2,227.9 2 1
bitbucket.org/hypefast-tech/marketing-promotion-service/internals/accounting_journal/httpservice/accounting_journal.go:235.2,236.17 2 1
bitbucket.org/hypefast-tech/marketing-promotion-service/internals/accounting_journal/httpservice/accounting_journal.go:244.2,248.4 1 1
bitbucket.org/hypefast-tech/marketing-promotion-service/internals/accounting_journal/httpservice/accounting_journal.go:209.16,215.3 1 0
bitbucket.org/hypefast-tech/marketing-promotion-service/internals/accounting_journal/httpservice/accounting_journal.go:218.43,224.3 1 1
bitbucket.org/hypefast-tech/marketing-promotion-service/internals/accounting_journal/httpservice/accounting_journal.go:227.9,233.3 1 1
bitbucket.org/hypefast-tech/marketing-promotion-service/internals/accounting_journal/httpservice/accounting_journal.go:236.17,242.3 1 1
bitbucket.org/hypefast-tech/marketing-promotion-service/internals/accounting_journal/httpservice/accounting_journal.go:266.51,268.16 2 1
bitbucket.org/hypefast-tech/marketing-promotion-service/internals/accounting_journal/httpservice/accounting_journal.go:276.2,277.9 2 1
bitbucket.org/hypefast-tech/marketing-promotion-service/internals/accounting_journal/httpservice/accounting_journal.go:285.2,286.17 2 1
bitbucket.org/hypefast-tech/marketing-promotion-service/internals/accounting_journal/httpservice/accounting_journal.go:294.2,298.4 1 1
bitbucket.org/hypefast-tech/marketing-promotion-service/internals/accounting_journal/httpservice/accounting_journal.go:268.16,274.3 1 0
bitbucket.org/hypefast-tech/marketing-promotion-service/internals/accounting_journal/httpservice/accounting_journal.go:277.9,283.3 1 1
bitbucket.org/hypefast-tech/marketing-promotion-service/internals/accounting_journal/httpservice/accounting_journal.go:286.17,292.3 1 1
bitbucket.org/hypefast-tech/marketing-promotion-service/internals/accounting_journal/httpservice/accounting_journal.go:315.54,319.9 3 1
bitbucket.org/hypefast-tech/marketing-promotion-service/internals/accounting_journal/httpservice/accounting_journal.go:327.2,329.17 2 1
bitbucket.org/hypefast-tech/marketing-promotion-service/internals/accounting_journal/httpservice/accounting_journal.go:337.2,341.4 1 1
bitbucket.org/hypefast-tech/marketing-promotion-service/internals/accounting_journal/httpservice/accounting_journal.go:319.9,325.3 1 1
bitbucket.org/hypefast-tech/marketing-promotion-service/internals/accounting_journal/httpservice/accounting_journal.go:329.17,335.3 1 1
bitbucket.org/hypefast-tech/marketing-promotion-service/internals/accounting_journal/httpservice/accounting_journal.go:360.51,362.9 2 1
bitbucket.org/hypefast-tech/marketing-promotion-service/internals/accounting_journal/httpservice/accounting_journal.go:370.2,371.43 2 1
bitbucket.org/hypefast-tech/marketing-promotion-service/internals/accounting_journal/httpservice/accounting_journal.go:379.2,380.16 2 1
bitbucket.org/hypefast-tech/marketing-promotion-service/internals/accounting_journal/httpservice/accounting_journal.go:388.2,389.17 2 1
bitbucket.org/hypefast-tech/marketing-promotion-service/internals/accounting_journal/httpservice/accounting_journal.go:406.2,410.4 1 1
bitbucket.org/hypefast-tech/marketing-promotion-service/internals/accounting_journal/httpservice/accounting_journal.go:362.9,368.3 1 1
bitbucket.org/hypefast-tech/marketing-promotion-service/internals/accounting_journal/httpservice/accounting_journal.go:371.43,377.3 1 0
bitbucket.org/hypefast-tech/marketing-promotion-service/internals/accounting_journal/httpservice/accounting_journal.go:380.16,386.3 1 1
bitbucket.org/hypefast-tech/marketing-promotion-service/internals/accounting_journal/httpservice/accounting_journal.go:389.17,390.122 1 1
bitbucket.org/hypefast-tech/marketing-promotion-service/internals/accounting_journal/httpservice/accounting_journal.go:399.3,403.5 1 1
bitbucket.org/hypefast-tech/marketing-promotion-service/internals/accounting_journal/httpservice/accounting_journal.go:390.122,397.4 1 1
bitbucket.org/hypefast-tech/marketing-promotion-service/internals/accounting_journal/httpservice/route.go:9.107,11.29 2 0
bitbucket.org/hypefast-tech/marketing-promotion-service/internals/accounting_journal/httpservice/route.go:15.2,21.61 7 0
bitbucket.org/hypefast-tech/marketing-promotion-service/internals/accounting_journal/httpservice/route.go:11.29,13.3 1 0
bitbucket.org/hypefast-tech/marketing-promotion-service/internals/accounting_journal/httpservice/validator.go:10.124,14.16 4 1
bitbucket.org/hypefast-tech/marketing-promotion-service/internals/accounting_journal/httpservice/validator.go:24.2,24.15 1 1
bitbucket.org/hypefast-tech/marketing-promotion-service/internals/accounting_journal/httpservice/validator.go:14.16,15.56 1 0
bitbucket.org/hypefast-tech/marketing-promotion-service/internals/accounting_journal/httpservice/validator.go:15.56,21.4 5 0
